2016-06-23 13:46:38,302 [19] ERROR SuperSocketServer-9008175 - SuperSocketForm.SuperSocketSession
Google.Protobuf.InvalidProtocolBufferException: Protocol message contained an invalid tag (zero).
   在 Google.Protobuf.CodedInputStream.ReadTag() 位置 D:\work\protobuf-3.0.0-beta-3.1\protobuf-3.0.0-beta-3.1\csharp\src\Google.Protobuf\CodedInputStream.cs:行号 378
   在 SuperSocketForm.USER_INFO.MergeFrom(CodedInputStream input) 位置 d:\用户目录\Projs\SuperSocketForm\SuperSocketForm\DevData.cs:行号 926
   在 Google.Protobuf.MessageExtensions.MergeFrom(IMessage message, Byte[] data) 位置 D:\work\protobuf-3.0.0-beta-3.1\protobuf-3.0.0-beta-3.1\csharp\src\Google.Protobuf\MessageExtensions.cs:行号 52
   在 Google.Protobuf.MessageParser`1.ParseFrom(Byte[] data) 位置 D:\work\protobuf-3.0.0-beta-3.1\protobuf-3.0.0-beta-3.1\csharp\src\Google.Protobuf\MessageParser.cs:行号 196
   在 SuperSocketForm.SuperSocketForm.appServer_NewRequestReceived(SuperSocketSession session, BinaryRequestInfo requestInfo) 位置 d:\用户目录\Projs\SuperSocketForm\SuperSocketForm\SuperSocketForm.cs:行号 42
   在 SuperSocket.SocketBase.AppServerBase`2.ExecuteCommand(TAppSession session, TRequestInfo requestInfo)
2016-06-23 13:46:51,008 [19] ERROR SuperSocketServer-9008175 - SuperSocketForm.SuperSocketSession
System.OverflowException: 算术运算导致溢出。
   在 SuperSocketForm.SuperSocketForm.appServer_NewRequestReceived(SuperSocketSession session, BinaryRequestInfo requestInfo) 位置 d:\用户目录\Projs\SuperSocketForm\SuperSocketForm\SuperSocketForm.cs:行号 40
   在 SuperSocket.SocketBase.AppServerBase`2.ExecuteCommand(TAppSession session, TRequestInfo requestInfo)
2016-06-23 14:16:59,900 [14] ERROR SuperSocketServer-45592480 - SuperSocketForm.SuperSocketSession
System.OverflowException: 算术运算导致溢出。
   在 SuperSocketForm.SuperSocketForm.appServer_NewRequestReceived(SuperSocketSession session, BinaryRequestInfo requestInfo) 位置 d:\用户目录\Projs\SuperSocketForm\SuperSocketForm\SuperSocketForm.cs:行号 40
   在 SuperSocket.SocketBase.AppServerBase`2.ExecuteCommand(TAppSession session, TRequestInfo requestInfo)
2016-06-23 14:18:08,004 [21] ERROR SuperSocketServer-45592480 - SuperSocketForm.SuperSocketSession
System.OverflowException: 算术运算导致溢出。
   在 SuperSocketForm.SuperSocketForm.appServer_NewRequestReceived(SuperSocketSession session, BinaryRequestInfo requestInfo) 位置 d:\用户目录\Projs\SuperSocketForm\SuperSocketForm\SuperSocketForm.cs:行号 40
   在 SuperSocket.SocketBase.AppServerBase`2.ExecuteCommand(TAppSession session, TRequestInfo requestInfo)
2016-06-23 14:19:39,104 [14] ERROR SuperSocketServer-41149443 - SuperSocketForm.SuperSocketSession
System.OverflowException: 算术运算导致溢出。
   在 SuperSocketForm.SuperSocketForm.appServer_NewRequestReceived(SuperSocketSession session, BinaryRequestInfo requestInfo) 位置 d:\用户目录\Projs\SuperSocketForm\SuperSocketForm\SuperSocketForm.cs:行号 40
   在 SuperSocket.SocketBase.AppServerBase`2.ExecuteCommand(TAppSession session, TRequestInfo requestInfo)
2016-06-23 14:30:49,000 [14] ERROR SuperSocketServer-9008175 - SuperSocketForm.SuperSocketSession
System.OverflowException: 算术运算导致溢出。
   在 SuperSocketForm.SuperSocketForm.appServer_NewRequestReceived(SuperSocketSession session, BinaryRequestInfo requestInfo) 位置 d:\用户目录\Projs\SuperSocketForm\SuperSocketForm\SuperSocketForm.cs:行号 40
   在 SuperSocket.SocketBase.AppServerBase`2.ExecuteCommand(TAppSession session, TRequestInfo requestInfo)
2016-06-23 14:53:49,095 [17] ERROR SuperSocketServer-15645912 - SuperSocketForm.SuperSocketSession
System.OverflowException: 算术运算导致溢出。
   在 SuperSocketForm.SuperSocketForm.appServer_NewRequestReceived(SuperSocketSession session, BinaryRequestInfo requestInfo) 位置 d:\用户目录\Projs\SuperSocketForm\SuperSocketForm\SuperSocketForm.cs:行号 40
   在 SuperSocket.SocketBase.AppServerBase`2.ExecuteCommand(TAppSession session, TRequestInfo requestInfo)
2016-06-23 15:12:31,117 [14] ERROR SuperSocketServer-11404313 - Session: 6407c759-9cb4-4577-b9fc-2903e2a12245/127.0.0.1:38137
Protocol error
Caller: ProcessReceive, file path: d:\WorkShop\SuperSocket\v1.6\SocketEngine\AsyncSocketSession.cs, line number: 244
System.OverflowException: 算术运算导致溢出。
   在 SuperSocket.Common.BinaryUtil.CloneRange[T](IList`1 source, Int32 offset, Int32 length)
   在 SuperSocketForm.MyFixedHeaderReceiveFilter.ResolveRequestInfo(ArraySegment`1 header, Byte[] bodyBuffer, Int32 offset, Int32 length) 位置 d:\用户目录\Projs\SuperSocketForm\SuperSocketForm\MyFixedHeaderReceiveFilter.cs:行号 31
   在 SuperSocket.Facility.Protocol.FixedHeaderReceiveFilter`1.ProcessMatchedRequest(Byte[] buffer, Int32 offset, Int32 length, Boolean toBeCopied)
   在 SuperSocket.Facility.Protocol.FixedSizeReceiveFilter`1.Filter(Byte[] readBuffer, Int32 offset, Int32 length, Boolean toBeCopied, Int32& rest)
   在 SuperSocket.Facility.Protocol.FixedHeaderReceiveFilter`1.Filter(Byte[] readBuffer, Int32 offset, Int32 length, Boolean toBeCopied, Int32& rest)
   在 SuperSocket.SocketBase.AppSession`2.FilterRequest(Byte[] readBuffer, Int32 offset, Int32 length, Boolean toBeCopied, Int32& rest, Int32& offsetDelta)
   在 SuperSocket.SocketBase.AppSession`2.SuperSocket.SocketBase.IAppSession.ProcessRequest(Byte[] readBuffer, Int32 offset, Int32 length, Boolean toBeCopied)
   在 SuperSocket.SocketEngine.AsyncSocketSession.ProcessReceive(SocketAsyncEventArgs e)
2016-06-23 15:52:13,624 [15] ERROR SuperSocketServer-15645912 - SuperSocketForm.SuperSocketSession
Google.Protobuf.InvalidProtocolBufferException: While parsing a protocol message, the input ended unexpectedly in the middle of a field.  This could mean either than the input has been truncated or that an embedded message misreported its own length.
   在 Google.Protobuf.CodedInputStream.RefillBuffer(Boolean mustSucceed) 位置 D:\work\protobuf-3.0.0-beta-3.1\protobuf-3.0.0-beta-3.1\csharp\src\Google.Protobuf\CodedInputStream.cs:行号 1042
   在 Google.Protobuf.CodedInputStream.ReadRawByte() 位置 D:\work\protobuf-3.0.0-beta-3.1\protobuf-3.0.0-beta-3.1\csharp\src\Google.Protobuf\CodedInputStream.cs:行号 1072
   在 Google.Protobuf.CodedInputStream.ReadRawLittleEndian64() 位置 D:\work\protobuf-3.0.0-beta-3.1\protobuf-3.0.0-beta-3.1\csharp\src\Google.Protobuf\CodedInputStream.cs:行号 882
   在 Google.Protobuf.CodedInputStream.ReadFixed64() 位置 D:\work\protobuf-3.0.0-beta-3.1\protobuf-3.0.0-beta-3.1\csharp\src\Google.Protobuf\CodedInputStream.cs:行号 520
   在 Google.Protobuf.CodedInputStream.SkipLastField() 位置 D:\work\protobuf-3.0.0-beta-3.1\protobuf-3.0.0-beta-3.1\csharp\src\Google.Protobuf\CodedInputStream.cs:行号 414
   在 SuperSocketForm.USER_INFO.MergeFrom(CodedInputStream input) 位置 d:\用户目录\Projs\SuperSocketForm\SuperSocketForm\DevData.cs:行号 929
   在 Google.Protobuf.MessageExtensions.MergeFrom(IMessage message, Byte[] data) 位置 D:\work\protobuf-3.0.0-beta-3.1\protobuf-3.0.0-beta-3.1\csharp\src\Google.Protobuf\MessageExtensions.cs:行号 52
   在 Google.Protobuf.MessageParser`1.ParseFrom(Byte[] data) 位置 D:\work\protobuf-3.0.0-beta-3.1\protobuf-3.0.0-beta-3.1\csharp\src\Google.Protobuf\MessageParser.cs:行号 196
   在 SuperSocketForm.SuperSocketForm.appServer_NewRequestReceived(SuperSocketSession session, BinaryRequestInfo requestInfo) 位置 d:\用户目录\Projs\SuperSocketForm\SuperSocketForm\SuperSocketForm.cs:行号 40
   在 SuperSocket.SocketBase.AppServerBase`2.ExecuteCommand(TAppSession session, TRequestInfo requestInfo)
2016-06-23 16:24:40,245 [16] ERROR SuperSocketServer-36181605 - Session: 97efd7a8-e5c0-410c-81a7-c770547a85cb/127.0.0.1:12755
Protocol error
Caller: ProcessReceive, file path: d:\WorkShop\SuperSocket\v1.6\SocketEngine\AsyncSocketSession.cs, line number: 244
System.OverflowException: 算术运算导致溢出。
   在 SuperSocket.Common.BinaryUtil.CloneRange[T](IList`1 source, Int32 offset, Int32 length)
   在 SuperSocketForm.MyFixedHeaderReceiveFilter.ResolveRequestInfo(ArraySegment`1 header, Byte[] bodyBuffer, Int32 offset, Int32 length) 位置 d:\用户目录\Projs\SuperSocketForm\SuperSocketForm\MyFixedHeaderReceiveFilter.cs:行号 29
   在 SuperSocketForm.FixedHeaderReceiveFilter`1.ProcessMatchedRequest(Byte[] buffer, Int32 offset, Int32 length, Boolean toBeCopied) 位置 d:\用户目录\Projs\SuperSocketForm\SuperSocketForm\FixedHeaderReceiveFilter.cs:行号 129
   在 SuperSocket.Facility.Protocol.FixedSizeReceiveFilter`1.Filter(Byte[] readBuffer, Int32 offset, Int32 length, Boolean toBeCopied, Int32& rest)
   在 SuperSocketForm.FixedHeaderReceiveFilter`1.Filter(Byte[] readBuffer, Int32 offset, Int32 length, Boolean toBeCopied, Int32& rest) 位置 d:\用户目录\Projs\SuperSocketForm\SuperSocketForm\FixedHeaderReceiveFilter.cs:行号 49
   在 SuperSocket.SocketBase.AppSession`2.FilterRequest(Byte[] readBuffer, Int32 offset, Int32 length, Boolean toBeCopied, Int32& rest, Int32& offsetDelta)
   在 SuperSocket.SocketBase.AppSession`2.SuperSocket.SocketBase.IAppSession.ProcessRequest(Byte[] readBuffer, Int32 offset, Int32 length, Boolean toBeCopied)
   在 SuperSocket.SocketEngine.AsyncSocketSession.ProcessReceive(SocketAsyncEventArgs e)
2016-06-23 16:55:12,600 [6] ERROR SuperSocketServer-15368010 - SuperSocketForm.SuperSocketSession
Google.Protobuf.InvalidProtocolBufferException: Protocol message contained an invalid tag (zero).
   在 Google.Protobuf.CodedInputStream.ReadTag() 位置 D:\work\protobuf-3.0.0-beta-3.1\protobuf-3.0.0-beta-3.1\csharp\src\Google.Protobuf\CodedInputStream.cs:行号 378
   在 SuperSocketForm.USER_INFO.MergeFrom(CodedInputStream input) 位置 d:\用户目录\Projs\SuperSocketForm\SuperSocketForm\DevData.cs:行号 926
   在 Google.Protobuf.MessageExtensions.MergeFrom(IMessage message, Byte[] data) 位置 D:\work\protobuf-3.0.0-beta-3.1\protobuf-3.0.0-beta-3.1\csharp\src\Google.Protobuf\MessageExtensions.cs:行号 52
   在 Google.Protobuf.MessageParser`1.ParseFrom(Byte[] data) 位置 D:\work\protobuf-3.0.0-beta-3.1\protobuf-3.0.0-beta-3.1\csharp\src\Google.Protobuf\MessageParser.cs:行号 196
   在 SuperSocketForm.SuperSocketForm.appServer_NewRequestReceived(SuperSocketSession session, BinaryRequestInfo requestInfo) 位置 d:\用户目录\Projs\SuperSocketForm\SuperSocketForm\SuperSocketForm.cs:行号 40
   在 SuperSocket.SocketBase.AppServerBase`2.ExecuteCommand(TAppSession session, TRequestInfo requestInfo)
2016-06-23 16:55:12,641 [6] ERROR SuperSocketServer-15368010 - Session: a6654565-2683-4935-806d-cf79790e9532/127.0.0.1:29471
Protocol error
Caller: ProcessReceive, file path: d:\WorkShop\SuperSocket\v1.6\SocketEngine\AsyncSocketSession.cs, line number: 244
System.ArgumentException: 源数组长度不足。请检查 srcIndex 和长度以及数组的下限。
   在 System.Array.Copy(Array sourceArray, Int32 sourceIndex, Array destinationArray, Int32 destinationIndex, Int32 length, Boolean reliable)
   在 System.Array.Copy(Array sourceArray, Int32 sourceIndex, Array destinationArray, Int32 destinationIndex, Int32 length)
   在 SuperSocket.Common.BinaryUtil.CloneRange[T](IList`1 source, Int32 offset, Int32 length)
   在 SuperSocketForm.MyFixedHeaderReceiveFilter.ResolveRequestInfo(ArraySegment`1 header, Byte[] bodyBuffer, Int32 offset, Int32 length) 位置 d:\用户目录\Projs\SuperSocketForm\SuperSocketForm\MyFixedHeaderReceiveFilter.cs:行号 29
   在 SuperSocketForm.FixedHeaderReceiveFilter`1.ProcessMatchedRequest(Byte[] buffer, Int32 offset, Int32 length, Boolean toBeCopied) 位置 d:\用户目录\Projs\SuperSocketForm\SuperSocketForm\FixedHeaderReceiveFilter.cs:行号 127
   在 SuperSocket.Facility.Protocol.FixedSizeReceiveFilter`1.Filter(Byte[] readBuffer, Int32 offset, Int32 length, Boolean toBeCopied, Int32& rest)
   在 SuperSocketForm.FixedHeaderReceiveFilter`1.Filter(Byte[] readBuffer, Int32 offset, Int32 length, Boolean toBeCopied, Int32& rest) 位置 d:\用户目录\Projs\SuperSocketForm\SuperSocketForm\FixedHeaderReceiveFilter.cs:行号 49
   在 SuperSocket.SocketBase.AppSession`2.FilterRequest(Byte[] readBuffer, Int32 offset, Int32 length, Boolean toBeCopied, Int32& rest, Int32& offsetDelta)
   在 SuperSocket.SocketBase.AppSession`2.SuperSocket.SocketBase.IAppSession.ProcessRequest(Byte[] readBuffer, Int32 offset, Int32 length, Boolean toBeCopied)
   在 SuperSocket.SocketEngine.AsyncSocketSession.ProcessReceive(SocketAsyncEventArgs e)
2016-06-23 16:55:27,803 [8] ERROR SuperSocketServer-15368010 - SuperSocketForm.SuperSocketSession
Google.Protobuf.InvalidProtocolBufferException: Protocol message contained an invalid tag (zero).
   在 Google.Protobuf.CodedInputStream.ReadTag() 位置 D:\work\protobuf-3.0.0-beta-3.1\protobuf-3.0.0-beta-3.1\csharp\src\Google.Protobuf\CodedInputStream.cs:行号 378
   在 SuperSocketForm.USER_INFO.MergeFrom(CodedInputStream input) 位置 d:\用户目录\Projs\SuperSocketForm\SuperSocketForm\DevData.cs:行号 926
   在 Google.Protobuf.MessageExtensions.MergeFrom(IMessage message, Byte[] data) 位置 D:\work\protobuf-3.0.0-beta-3.1\protobuf-3.0.0-beta-3.1\csharp\src\Google.Protobuf\MessageExtensions.cs:行号 52
   在 Google.Protobuf.MessageParser`1.ParseFrom(Byte[] data) 位置 D:\work\protobuf-3.0.0-beta-3.1\protobuf-3.0.0-beta-3.1\csharp\src\Google.Protobuf\MessageParser.cs:行号 196
   在 SuperSocketForm.SuperSocketForm.appServer_NewRequestReceived(SuperSocketSession session, BinaryRequestInfo requestInfo) 位置 d:\用户目录\Projs\SuperSocketForm\SuperSocketForm\SuperSocketForm.cs:行号 40
   在 SuperSocket.SocketBase.AppServerBase`2.ExecuteCommand(TAppSession session, TRequestInfo requestInfo)
2016-06-23 16:55:27,805 [8] ERROR SuperSocketServer-15368010 - Session: a18297f7-6ef5-48d5-bc6c-75e0085df155/127.0.0.1:29612
Protocol error
Caller: ProcessReceive, file path: d:\WorkShop\SuperSocket\v1.6\SocketEngine\AsyncSocketSession.cs, line number: 244
System.ArgumentException: 源数组长度不足。请检查 srcIndex 和长度以及数组的下限。
   在 System.Array.Copy(Array sourceArray, Int32 sourceIndex, Array destinationArray, Int32 destinationIndex, Int32 length, Boolean reliable)
   在 System.Array.Copy(Array sourceArray, Int32 sourceIndex, Array destinationArray, Int32 destinationIndex, Int32 length)
   在 SuperSocket.Common.BinaryUtil.CloneRange[T](IList`1 source, Int32 offset, Int32 length)
   在 SuperSocketForm.MyFixedHeaderReceiveFilter.ResolveRequestInfo(ArraySegment`1 header, Byte[] bodyBuffer, Int32 offset, Int32 length) 位置 d:\用户目录\Projs\SuperSocketForm\SuperSocketForm\MyFixedHeaderReceiveFilter.cs:行号 29
   在 SuperSocketForm.FixedHeaderReceiveFilter`1.ProcessMatchedRequest(Byte[] buffer, Int32 offset, Int32 length, Boolean toBeCopied) 位置 d:\用户目录\Projs\SuperSocketForm\SuperSocketForm\FixedHeaderReceiveFilter.cs:行号 127
   在 SuperSocket.Facility.Protocol.FixedSizeReceiveFilter`1.Filter(Byte[] readBuffer, Int32 offset, Int32 length, Boolean toBeCopied, Int32& rest)
   在 SuperSocketForm.FixedHeaderReceiveFilter`1.Filter(Byte[] readBuffer, Int32 offset, Int32 length, Boolean toBeCopied, Int32& rest) 位置 d:\用户目录\Projs\SuperSocketForm\SuperSocketForm\FixedHeaderReceiveFilter.cs:行号 49
   在 SuperSocket.SocketBase.AppSession`2.FilterRequest(Byte[] readBuffer, Int32 offset, Int32 length, Boolean toBeCopied, Int32& rest, Int32& offsetDelta)
   在 SuperSocket.SocketBase.AppSession`2.SuperSocket.SocketBase.IAppSession.ProcessRequest(Byte[] readBuffer, Int32 offset, Int32 length, Boolean toBeCopied)
   在 SuperSocket.SocketEngine.AsyncSocketSession.ProcessReceive(SocketAsyncEventArgs e)
2016-06-23 17:01:58,857 [15] ERROR SuperSocketServer-15645912 - Session: fb13f01f-b29f-4eb3-867b-3bebf242a636/127.0.0.1:32609
Protocol error
Caller: ProcessReceive, file path: d:\WorkShop\SuperSocket\v1.6\SocketEngine\AsyncSocketSession.cs, line number: 244
System.ArgumentException: 源数组长度不足。请检查 srcIndex 和长度以及数组的下限。
   在 System.Array.Copy(Array sourceArray, Int32 sourceIndex, Array destinationArray, Int32 destinationIndex, Int32 length, Boolean reliable)
   在 System.Array.Copy(Array sourceArray, Int32 sourceIndex, Array destinationArray, Int32 destinationIndex, Int32 length)
   在 SuperSocket.Common.BinaryUtil.CloneRange[T](IList`1 source, Int32 offset, Int32 length)
   在 SuperSocketForm.MyFixedHeaderReceiveFilter.ResolveRequestInfo(ArraySegment`1 header, Byte[] bodyBuffer, Int32 offset, Int32 length) 位置 d:\用户目录\Projs\SuperSocketForm\SuperSocketForm\MyFixedHeaderReceiveFilter.cs:行号 29
   在 SuperSocketForm.FixedHeaderReceiveFilter`1.ProcessMatchedRequest(Byte[] buffer, Int32 offset, Int32 length, Boolean toBeCopied) 位置 d:\用户目录\Projs\SuperSocketForm\SuperSocketForm\FixedHeaderReceiveFilter.cs:行号 128
   在 SuperSocket.Facility.Protocol.FixedSizeReceiveFilter`1.Filter(Byte[] readBuffer, Int32 offset, Int32 length, Boolean toBeCopied, Int32& rest)
   在 SuperSocketForm.FixedHeaderReceiveFilter`1.Filter(Byte[] readBuffer, Int32 offset, Int32 length, Boolean toBeCopied, Int32& rest) 位置 d:\用户目录\Projs\SuperSocketForm\SuperSocketForm\FixedHeaderReceiveFilter.cs:行号 49
   在 SuperSocket.SocketBase.AppSession`2.FilterRequest(Byte[] readBuffer, Int32 offset, Int32 length, Boolean toBeCopied, Int32& rest, Int32& offsetDelta)
   在 SuperSocket.SocketBase.AppSession`2.SuperSocket.SocketBase.IAppSession.ProcessRequest(Byte[] readBuffer, Int32 offset, Int32 length, Boolean toBeCopied)
   在 SuperSocket.SocketEngine.AsyncSocketSession.ProcessReceive(SocketAsyncEventArgs e)
2016-06-23 17:16:30,579 [17] ERROR SuperSocketServer-15645912 - SuperSocketForm.SuperSocketSession
Google.Protobuf.InvalidProtocolBufferException: Protocol message contained an invalid tag (zero).
   在 Google.Protobuf.CodedInputStream.ReadTag() 位置 D:\work\protobuf-3.0.0-beta-3.1\protobuf-3.0.0-beta-3.1\csharp\src\Google.Protobuf\CodedInputStream.cs:行号 378
   在 SuperSocketForm.USER_INFO.MergeFrom(CodedInputStream input) 位置 d:\用户目录\Projs\SuperSocketForm\SuperSocketForm\DevData.cs:行号 926
   在 Google.Protobuf.MessageExtensions.MergeFrom(IMessage message, Byte[] data) 位置 D:\work\protobuf-3.0.0-beta-3.1\protobuf-3.0.0-beta-3.1\csharp\src\Google.Protobuf\MessageExtensions.cs:行号 52
   在 Google.Protobuf.MessageParser`1.ParseFrom(Byte[] data) 位置 D:\work\protobuf-3.0.0-beta-3.1\protobuf-3.0.0-beta-3.1\csharp\src\Google.Protobuf\MessageParser.cs:行号 196
   在 SuperSocketForm.SuperSocketForm.appServer_NewRequestReceived(SuperSocketSession session, BinaryRequestInfo requestInfo) 位置 d:\用户目录\Projs\SuperSocketForm\SuperSocketForm\SuperSocketForm.cs:行号 40
   在 SuperSocket.SocketBase.AppServerBase`2.ExecuteCommand(TAppSession session, TRequestInfo requestInfo)
2016-06-23 17:41:48,043 [15] ERROR SuperSocketServer-15645912 - SuperSocketForm.SuperSocketSession
Google.Protobuf.InvalidProtocolBufferException: Protocol message contained an invalid tag (zero).
   在 Google.Protobuf.CodedInputStream.ReadTag() 位置 D:\work\protobuf-3.0.0-beta-3.1\protobuf-3.0.0-beta-3.1\csharp\src\Google.Protobuf\CodedInputStream.cs:行号 378
   在 SuperSocketForm.USER_INFO.MergeFrom(CodedInputStream input) 位置 d:\用户目录\Projs\SuperSocketForm\SuperSocketForm\DevData.cs:行号 926
   在 Google.Protobuf.MessageExtensions.MergeFrom(IMessage message, Byte[] data) 位置 D:\work\protobuf-3.0.0-beta-3.1\protobuf-3.0.0-beta-3.1\csharp\src\Google.Protobuf\MessageExtensions.cs:行号 52
   在 Google.Protobuf.MessageParser`1.ParseFrom(Byte[] data) 位置 D:\work\protobuf-3.0.0-beta-3.1\protobuf-3.0.0-beta-3.1\csharp\src\Google.Protobuf\MessageParser.cs:行号 196
   在 SuperSocketForm.SuperSocketForm.appServer_NewRequestReceived(SuperSocketSession session, BinaryRequestInfo requestInfo) 位置 d:\用户目录\Projs\SuperSocketForm\SuperSocketForm\SuperSocketForm.cs:行号 40
   在 SuperSocket.SocketBase.AppServerBase`2.ExecuteCommand(TAppSession session, TRequestInfo requestInfo)
2016-06-23 19:37:14,083 [15] ERROR SuperSocketServer-36181605 - Session: b99e4edc-d279-4632-8829-9e205ec7f6cc/127.0.0.1:51218
Protocol error
Caller: ProcessReceive, file path: d:\WorkShop\SuperSocket\v1.6\SocketEngine\AsyncSocketSession.cs, line number: 244
System.OverflowException: 算术运算导致溢出。
   在 SuperSocket.Common.BinaryUtil.CloneRange[T](IList`1 source, Int32 offset, Int32 length)
   在 SuperSocketForm.MyFixedHeaderReceiveFilter.ResolveRequestInfo(ArraySegment`1 header, Byte[] bodyBuffer, Int32 offset, Int32 length) 位置 d:\用户目录\Projs\SuperSocketForm\SuperSocketForm\MyFixedHeaderReceiveFilter.cs:行号 46
   在 SuperSocketForm.FixedHeaderReceiveFilter`1.ProcessMatchedRequest(Byte[] buffer, Int32 offset, Int32 length, Boolean toBeCopied) 位置 d:\用户目录\Projs\SuperSocketForm\SuperSocketForm\FixedHeaderReceiveFilter.cs:行号 132
   在 SuperSocketForm.FixedSizeReceiveFilter`1.Filter(Byte[] readBuffer, Int32 offset, Int32 length, Boolean toBeCopied, Int32& rest) 位置 d:\用户目录\Projs\SuperSocketForm\SuperSocketForm\FixedSizeReceiveFilter.cs:行号 64
   在 SuperSocketForm.FixedHeaderReceiveFilter`1.Filter(Byte[] readBuffer, Int32 offset, Int32 length, Boolean toBeCopied, Int32& rest) 位置 d:\用户目录\Projs\SuperSocketForm\SuperSocketForm\FixedHeaderReceiveFilter.cs:行号 52
   在 SuperSocket.SocketBase.AppSession`2.FilterRequest(Byte[] readBuffer, Int32 offset, Int32 length, Boolean toBeCopied, Int32& rest, Int32& offsetDelta)
   在 SuperSocket.SocketBase.AppSession`2.SuperSocket.SocketBase.IAppSession.ProcessRequest(Byte[] readBuffer, Int32 offset, Int32 length, Boolean toBeCopied)
   在 SuperSocket.SocketEngine.AsyncSocketSession.ProcessReceive(SocketAsyncEventArgs e)
2016-06-23 19:42:07,418 [6] ERROR SuperSocketServer-11404313 - Session: d004250c-b38b-42b5-b421-8155602d589a/127.0.0.1:53947
Protocol error
Caller: ProcessReceive, file path: d:\WorkShop\SuperSocket\v1.6\SocketEngine\AsyncSocketSession.cs, line number: 244
System.OverflowException: 算术运算导致溢出。
   在 SuperSocket.Common.BinaryUtil.CloneRange[T](IList`1 source, Int32 offset, Int32 length)
   在 SuperSocketForm.MyFixedHeaderReceiveFilter.ResolveRequestInfo(ArraySegment`1 header, Byte[] bodyBuffer, Int32 offset, Int32 length) 位置 d:\用户目录\Projs\SuperSocketForm\SuperSocketForm\MyFixedHeaderReceiveFilter.cs:行号 46
   在 SuperSocketForm.FixedHeaderReceiveFilter`1.ProcessMatchedRequest(Byte[] buffer, Int32 offset, Int32 length, Boolean toBeCopied) 位置 d:\用户目录\Projs\SuperSocketForm\SuperSocketForm\FixedHeaderReceiveFilter.cs:行号 132
   在 SuperSocket.Facility.Protocol.FixedSizeReceiveFilter`1.Filter(Byte[] readBuffer, Int32 offset, Int32 length, Boolean toBeCopied, Int32& rest)
   在 SuperSocketForm.FixedHeaderReceiveFilter`1.Filter(Byte[] readBuffer, Int32 offset, Int32 length, Boolean toBeCopied, Int32& rest) 位置 d:\用户目录\Projs\SuperSocketForm\SuperSocketForm\FixedHeaderReceiveFilter.cs:行号 52
   在 SuperSocket.SocketBase.AppSession`2.FilterRequest(Byte[] readBuffer, Int32 offset, Int32 length, Boolean toBeCopied, Int32& rest, Int32& offsetDelta)
   在 SuperSocket.SocketBase.AppSession`2.SuperSocket.SocketBase.IAppSession.ProcessRequest(Byte[] readBuffer, Int32 offset, Int32 length, Boolean toBeCopied)
   在 SuperSocket.SocketEngine.AsyncSocketSession.ProcessReceive(SocketAsyncEventArgs e)
2016-06-23 20:28:19,006 [14] ERROR SuperSocketServer-45592480 - SuperSocketForm.SuperSocketSession
Google.Protobuf.InvalidProtocolBufferException: While parsing a protocol message, the input ended unexpectedly in the middle of a field.  This could mean either than the input has been truncated or that an embedded message misreported its own length.
   在 Google.Protobuf.CodedInputStream.RefillBuffer(Boolean mustSucceed) 位置 D:\work\protobuf-3.0.0-beta-3.1\protobuf-3.0.0-beta-3.1\csharp\src\Google.Protobuf\CodedInputStream.cs:行号 1042
   在 Google.Protobuf.CodedInputStream.ReadRawBytes(Int32 size) 位置 D:\work\protobuf-3.0.0-beta-3.1\protobuf-3.0.0-beta-3.1\csharp\src\Google.Protobuf\CodedInputStream.cs:行号 1120
   在 Google.Protobuf.CodedInputStream.ReadBytes() 位置 D:\work\protobuf-3.0.0-beta-3.1\protobuf-3.0.0-beta-3.1\csharp\src\Google.Protobuf\CodedInputStream.cs:行号 602
   在 SuperSocketForm.USER_INFO.MergeFrom(CodedInputStream input) 位置 d:\用户目录\Projs\SuperSocketForm\SuperSocketForm\DevData.cs:行号 960
   在 Google.Protobuf.MessageExtensions.MergeFrom(IMessage message, Byte[] data) 位置 D:\work\protobuf-3.0.0-beta-3.1\protobuf-3.0.0-beta-3.1\csharp\src\Google.Protobuf\MessageExtensions.cs:行号 52
   在 Google.Protobuf.MessageParser`1.ParseFrom(Byte[] data) 位置 D:\work\protobuf-3.0.0-beta-3.1\protobuf-3.0.0-beta-3.1\csharp\src\Google.Protobuf\MessageParser.cs:行号 196
   在 SuperSocketForm.SuperSocketForm.appServer_NewRequestReceived(SuperSocketSession session, BinaryRequestInfo requestInfo) 位置 d:\用户目录\Projs\SuperSocketForm\SuperSocketForm\SuperSocketForm.cs:行号 40
   在 SuperSocket.SocketBase.AppServerBase`2.ExecuteCommand(TAppSession session, TRequestInfo requestInfo)
2016-06-23 20:46:39,064 [18] ERROR SuperSocketServer-45592480 - SuperSocketForm.SuperSocketSession
Google.Protobuf.InvalidProtocolBufferException: Protocol message contained an invalid tag (zero).
   在 Google.Protobuf.CodedInputStream.ReadTag() 位置 D:\work\protobuf-3.0.0-beta-3.1\protobuf-3.0.0-beta-3.1\csharp\src\Google.Protobuf\CodedInputStream.cs:行号 378
   在 SuperSocketForm.USER_INFO.MergeFrom(CodedInputStream input) 位置 d:\用户目录\Projs\SuperSocketForm\SuperSocketForm\DevData.cs:行号 926
   在 Google.Protobuf.MessageExtensions.MergeFrom(IMessage message, Byte[] data) 位置 D:\work\protobuf-3.0.0-beta-3.1\protobuf-3.0.0-beta-3.1\csharp\src\Google.Protobuf\MessageExtensions.cs:行号 52
   在 Google.Protobuf.MessageParser`1.ParseFrom(Byte[] data) 位置 D:\work\protobuf-3.0.0-beta-3.1\protobuf-3.0.0-beta-3.1\csharp\src\Google.Protobuf\MessageParser.cs:行号 196
   在 SuperSocketForm.SuperSocketForm.appServer_NewRequestReceived(SuperSocketSession session, BinaryRequestInfo requestInfo) 位置 d:\用户目录\Projs\SuperSocketForm\SuperSocketForm\SuperSocketForm.cs:行号 40
   在 SuperSocket.SocketBase.AppServerBase`2.ExecuteCommand(TAppSession session, TRequestInfo requestInfo)
2016-06-23 20:48:04,378 [19] ERROR SuperSocketServer-45592480 - SuperSocketForm.SuperSocketSession
Google.Protobuf.InvalidProtocolBufferException: Protocol message contained an invalid tag (zero).
   在 Google.Protobuf.CodedInputStream.ReadTag() 位置 D:\work\protobuf-3.0.0-beta-3.1\protobuf-3.0.0-beta-3.1\csharp\src\Google.Protobuf\CodedInputStream.cs:行号 378
   在 SuperSocketForm.USER_INFO.MergeFrom(CodedInputStream input) 位置 d:\用户目录\Projs\SuperSocketForm\SuperSocketForm\DevData.cs:行号 926
   在 Google.Protobuf.MessageExtensions.MergeFrom(IMessage message, Byte[] data) 位置 D:\work\protobuf-3.0.0-beta-3.1\protobuf-3.0.0-beta-3.1\csharp\src\Google.Protobuf\MessageExtensions.cs:行号 52
   在 Google.Protobuf.MessageParser`1.ParseFrom(Byte[] data) 位置 D:\work\protobuf-3.0.0-beta-3.1\protobuf-3.0.0-beta-3.1\csharp\src\Google.Protobuf\MessageParser.cs:行号 196
   在 SuperSocketForm.SuperSocketForm.appServer_NewRequestReceived(SuperSocketSession session, BinaryRequestInfo requestInfo) 位置 d:\用户目录\Projs\SuperSocketForm\SuperSocketForm\SuperSocketForm.cs:行号 40
   在 SuperSocket.SocketBase.AppServerBase`2.ExecuteCommand(TAppSession session, TRequestInfo requestInfo)
2016-06-23 20:48:12,705 [18] ERROR SuperSocketServer-45592480 - SuperSocketForm.SuperSocketSession
Google.Protobuf.InvalidProtocolBufferException: Protocol message contained an invalid tag (zero).
   在 Google.Protobuf.CodedInputStream.ReadTag() 位置 D:\work\protobuf-3.0.0-beta-3.1\protobuf-3.0.0-beta-3.1\csharp\src\Google.Protobuf\CodedInputStream.cs:行号 378
   在 SuperSocketForm.USER_INFO.MergeFrom(CodedInputStream input) 位置 d:\用户目录\Projs\SuperSocketForm\SuperSocketForm\DevData.cs:行号 926
   在 Google.Protobuf.MessageExtensions.MergeFrom(IMessage message, Byte[] data) 位置 D:\work\protobuf-3.0.0-beta-3.1\protobuf-3.0.0-beta-3.1\csharp\src\Google.Protobuf\MessageExtensions.cs:行号 52
   在 Google.Protobuf.MessageParser`1.ParseFrom(Byte[] data) 位置 D:\work\protobuf-3.0.0-beta-3.1\protobuf-3.0.0-beta-3.1\csharp\src\Google.Protobuf\MessageParser.cs:行号 196
   在 SuperSocketForm.SuperSocketForm.appServer_NewRequestReceived(SuperSocketSession session, BinaryRequestInfo requestInfo) 位置 d:\用户目录\Projs\SuperSocketForm\SuperSocketForm\SuperSocketForm.cs:行号 40
   在 SuperSocket.SocketBase.AppServerBase`2.ExecuteCommand(TAppSession session, TRequestInfo requestInfo)
