2016-07-19 11:15:00,637 [10] INFO  SuperSocketForm - The server instance SuperSocketForm has been started!
2016-07-19 11:15:00,637 [10] INFO  SuperSocketForm - 服务器已经启动，开始监听本机5014端口...
2016-07-19 11:15:00,684 [10] INFO  SuperSocketForm - 程序启动..._Y-15-19 11:7:S
2016-07-19 13:25:27,353 [10] INFO  SuperSocketServer-1897140 - The server instance SuperSocketServer-1897140 has been started!
2016-07-19 13:25:27,353 [10] INFO  SuperSocketServer-1897140 - 服务器已经启动，开始监听本机5015端口...
2016-07-19 13:25:27,493 [10] INFO  SuperSocketServer-1897140 - 程序启动..._Y-25-19 13:7:S
2016-07-19 13:35:19,073 [9] INFO  SuperSocketServer-43102667 - The server instance SuperSocketServer-43102667 has been started!
2016-07-19 13:35:19,074 [9] INFO  SuperSocketServer-43102667 - 服务器已经启动，开始监听本机5015端口...
2016-07-19 13:35:19,143 [9] INFO  SuperSocketServer-43102667 - 程序启动..._Y-35-19 13:7:S
2016-07-19 13:36:16,097 [10] INFO  SuperSocketServer-1897140 - The server instance SuperSocketServer-1897140 has been started!
2016-07-19 13:36:16,097 [10] INFO  SuperSocketServer-1897140 - 服务器已经启动，开始监听本机5015端口...
2016-07-19 13:36:16,151 [10] INFO  SuperSocketServer-1897140 - 程序启动..._Y-36-19 13:7:S
2016-07-19 13:47:54,766 [9] INFO  SuperSocketServer-43102667 - The server instance SuperSocketServer-43102667 has been started!
2016-07-19 13:47:54,766 [9] INFO  SuperSocketServer-43102667 - 服务器已经启动，开始监听本机5015端口...
2016-07-19 13:47:54,815 [9] INFO  SuperSocketServer-43102667 - 程序启动..._Y-47-19 13:7:S
2016-07-19 13:51:27,962 [9] INFO  SuperSocketServer-49478550 - The server instance SuperSocketServer-49478550 has been started!
2016-07-19 13:51:27,963 [9] INFO  SuperSocketServer-49478550 - 服务器已经启动，开始监听本机5015端口...
2016-07-19 13:51:28,037 [9] INFO  SuperSocketServer-49478550 - 程序启动..._Y-51-19 13:7:S
2016-07-19 13:58:18,001 [10] INFO  SuperSocketServer-23648863 - The server instance SuperSocketServer-23648863 has been started!
2016-07-19 13:58:18,002 [10] INFO  SuperSocketServer-23648863 - 服务器已经启动，开始监听本机5015端口...
2016-07-19 13:58:18,050 [10] INFO  SuperSocketServer-23648863 - 程序启动..._Y-58-19 13:7:S
2016-07-19 14:01:47,847 [9] INFO  SuperSocketServer-52037308 - The server instance SuperSocketServer-52037308 has been started!
2016-07-19 14:01:47,848 [9] INFO  SuperSocketServer-52037308 - 服务器已经启动，开始监听本机5015端口...
2016-07-19 14:01:47,918 [9] INFO  SuperSocketServer-52037308 - 程序启动..._Y-1-19 14:7:S
2016-07-19 14:05:43,655 [10] INFO  SuperSocketServer-1897140 - The server instance SuperSocketServer-1897140 has been started!
2016-07-19 14:05:43,656 [10] INFO  SuperSocketServer-1897140 - 服务器已经启动，开始监听本机5015端口...
2016-07-19 14:05:43,723 [10] INFO  SuperSocketServer-1897140 - 程序启动..._Y-5-19 14:7:S
2016-07-19 14:07:35,149 [10] INFO  SuperSocketServer-1897140 - The server instance SuperSocketServer-1897140 has been started!
2016-07-19 14:07:35,149 [10] INFO  SuperSocketServer-1897140 - 服务器已经启动，开始监听本机5015端口...
2016-07-19 14:07:35,213 [10] INFO  SuperSocketServer-1897140 - 程序启动..._Y-7-19 14:7:S
2016-07-19 14:10:08,458 [10] INFO  SuperSocketServer-1897140 - The server instance SuperSocketServer-1897140 has been started!
2016-07-19 14:10:08,459 [10] INFO  SuperSocketServer-1897140 - 服务器已经启动，开始监听本机5015端口...
2016-07-19 14:10:08,511 [10] INFO  SuperSocketServer-1897140 - 程序启动..._Y-10-19 14:7:S
2016-07-19 14:15:08,828 [10] INFO  SuperSocketServer-23648863 - The server instance SuperSocketServer-23648863 has been started!
2016-07-19 14:15:08,829 [10] INFO  SuperSocketServer-23648863 - 服务器已经启动，开始监听本机5015端口...
2016-07-19 14:15:08,881 [10] INFO  SuperSocketServer-23648863 - 程序启动..._Y-15-19 14:7:S
2016-07-19 14:23:26,160 [10] INFO  SuperSocketServer-23648863 - The server instance SuperSocketServer-23648863 has been started!
2016-07-19 14:23:26,161 [10] INFO  SuperSocketServer-23648863 - 服务器已经启动，开始监听本机5015端口...
2016-07-19 14:23:26,204 [10] INFO  SuperSocketServer-23648863 - 程序启动..._Y-23-19 14:7:S
2016-07-19 14:27:27,593 [9] INFO  SuperSocketServer-43102667 - The server instance SuperSocketServer-43102667 has been started!
2016-07-19 14:27:27,593 [9] INFO  SuperSocketServer-43102667 - 服务器已经启动，开始监听本机5015端口...
2016-07-19 14:27:27,675 [9] INFO  SuperSocketServer-43102667 - 程序启动..._Y-27-19 14:7:S
2016-07-19 14:30:40,184 [9] INFO  SuperSocketServer-43102667 - The server instance SuperSocketServer-43102667 has been started!
2016-07-19 14:30:40,185 [9] INFO  SuperSocketServer-43102667 - 服务器已经启动，开始监听本机5015端口...
2016-07-19 14:30:40,236 [9] INFO  SuperSocketServer-43102667 - 程序启动..._Y-30-19 14:7:S
2016-07-19 14:36:00,039 [10] INFO  SuperSocketServer-1897140 - The server instance SuperSocketServer-1897140 has been started!
2016-07-19 14:36:00,039 [10] INFO  SuperSocketServer-1897140 - 服务器已经启动，开始监听本机5015端口...
2016-07-19 14:36:00,098 [10] INFO  SuperSocketServer-1897140 - 程序启动..._Y-36-19 14:7:S
2016-07-19 14:43:48,659 [9] INFO  SuperSocketServer-43102667 - The server instance SuperSocketServer-43102667 has been started!
2016-07-19 14:43:48,660 [9] INFO  SuperSocketServer-43102667 - 服务器已经启动，开始监听本机5015端口...
2016-07-19 14:43:48,717 [9] INFO  SuperSocketServer-43102667 - 程序启动..._Y-43-19 14:7:S
2016-07-19 14:48:08,492 [9] INFO  SuperSocketServer-52037308 - The server instance SuperSocketServer-52037308 has been started!
2016-07-19 14:48:08,492 [9] INFO  SuperSocketServer-52037308 - 服务器已经启动，开始监听本机5015端口...
2016-07-19 14:48:08,552 [9] INFO  SuperSocketServer-52037308 - 程序启动..._Y-48-19 14:7:S
2016-07-19 14:50:04,901 [10] INFO  SuperSocketServer-1897140 - The server instance SuperSocketServer-1897140 has been started!
2016-07-19 14:50:04,902 [10] INFO  SuperSocketServer-1897140 - 服务器已经启动，开始监听本机5015端口...
2016-07-19 14:50:04,959 [10] INFO  SuperSocketServer-1897140 - 程序启动..._Y-50-19 14:7:S
2016-07-19 15:01:11,784 [10] INFO  SuperSocketServer-23648863 - The server instance SuperSocketServer-23648863 has been started!
2016-07-19 15:01:11,785 [10] INFO  SuperSocketServer-23648863 - 服务器已经启动，开始监听本机5015端口...
2016-07-19 15:01:11,841 [10] INFO  SuperSocketServer-23648863 - 程序启动..._Y-1-19 15:7:S
2016-07-19 15:06:55,096 [10] INFO  SuperSocketServer-23648863 - The server instance SuperSocketServer-23648863 has been started!
2016-07-19 15:06:55,096 [10] INFO  SuperSocketServer-23648863 - 服务器已经启动，开始监听本机5015端口...
2016-07-19 15:06:55,150 [10] INFO  SuperSocketServer-23648863 - 程序启动..._Y-6-19 15:7:S
2016-07-19 15:50:17,310 [9] INFO  SuperSocketForm - The server instance SuperSocketForm has been started!
2016-07-19 15:50:17,311 [9] INFO  SuperSocketForm - 服务器已经启动，开始监听本机5015端口...
2016-07-19 15:50:17,356 [9] INFO  SuperSocketForm - 程序启动..._Y-50-19 15:7:S
2016-07-19 15:55:31,261 [9] INFO  SuperSocketForm - The server instance SuperSocketForm has been started!
2016-07-19 15:55:31,262 [9] INFO  SuperSocketForm - 服务器已经启动，开始监听本机5015端口...
2016-07-19 15:55:31,308 [9] INFO  SuperSocketForm - 程序启动..._Y-55-19 15:7:S
2016-07-19 15:59:05,409 [9] INFO  SuperSocketForm - The server instance SuperSocketForm has been started!
2016-07-19 15:59:05,410 [9] INFO  SuperSocketForm - 服务器已经启动，开始监听本机5015端口...
2016-07-19 15:59:05,483 [9] INFO  SuperSocketForm - 程序启动..._Y-59-19 15:7:S
2016-07-19 16:31:10,564 [9] INFO  SuperSocketForm - The server instance SuperSocketForm has been started!
2016-07-19 16:31:10,564 [9] INFO  SuperSocketForm - 服务器已经启动，开始监听本机5015端口...
2016-07-19 16:31:10,612 [9] INFO  SuperSocketForm - 程序启动..._Y-31-19 16:7:S
2016-07-19 16:58:46,817 [10] INFO  SuperSocketForm - The server instance SuperSocketForm has been started!
2016-07-19 16:58:46,818 [10] INFO  SuperSocketForm - 服务器已经启动，开始监听本机5015端口...
2016-07-19 16:58:46,887 [10] INFO  SuperSocketForm - 程序启动..._Y-58-19 16:7:S
2016-07-19 17:09:12,359 [8] INFO  SuperSocketForm - The server instance SuperSocketForm has been started!
2016-07-19 17:09:12,359 [8] INFO  SuperSocketForm - 服务器已经启动，开始监听本机5015端口...
2016-07-19 17:09:12,422 [8] INFO  SuperSocketForm - 程序启动..._Y-9-19 17:7:S
2016-07-19 17:13:33,519 [9] INFO  SuperSocketForm - The server instance SuperSocketForm has been started!
2016-07-19 17:13:33,520 [9] INFO  SuperSocketForm - 服务器已经启动，开始监听本机5015端口...
2016-07-19 17:13:33,578 [9] INFO  SuperSocketForm - 程序启动..._Y-13-19 17:7:S
2016-07-19 17:54:19,477 [9] INFO  SuperSocketForm - The server instance SuperSocketForm has been started!
2016-07-19 17:54:19,478 [9] INFO  SuperSocketForm - 服务器已经启动，开始监听本机5015端口...
2016-07-19 17:54:19,532 [9] INFO  SuperSocketForm - 程序启动..._Y-54-19 17:7:S
2016-07-19 17:59:00,187 [9] INFO  SuperSocketForm - The server instance SuperSocketForm has been started!
2016-07-19 17:59:00,187 [9] INFO  SuperSocketForm - 服务器已经启动，开始监听本机5015端口...
2016-07-19 17:59:00,239 [9] INFO  SuperSocketForm - 程序启动..._Y-59-19 17:7:S
2016-07-19 18:00:08,364 [10] INFO  SuperSocketForm - The server instance SuperSocketForm has been started!
2016-07-19 18:00:08,364 [10] INFO  SuperSocketForm - 服务器已经启动，开始监听本机5015端口...
2016-07-19 18:00:08,425 [10] INFO  SuperSocketForm - 程序启动..._Y-0-19 18:7:S
2016-07-19 18:52:54,953 [9] INFO  SuperSocketForm - The server instance SuperSocketForm has been started!
2016-07-19 18:52:54,953 [9] INFO  SuperSocketForm - 服务器已经启动，开始监听本机5015端口...
2016-07-19 18:52:55,017 [9] INFO  SuperSocketForm - 程序启动..._Y-52-19 18:7:S
2016-07-19 18:57:12,706 [10] INFO  SuperSocketForm - The server instance SuperSocketForm has been started!
2016-07-19 18:57:12,706 [10] INFO  SuperSocketForm - 服务器已经启动，开始监听本机5015端口...
2016-07-19 18:57:12,763 [10] INFO  SuperSocketForm - 程序启动..._Y-57-19 18:7:S
2016-07-19 18:59:41,387 [10] INFO  SuperSocketForm - The server instance SuperSocketForm has been started!
2016-07-19 18:59:41,388 [10] INFO  SuperSocketForm - 服务器已经启动，开始监听本机5015端口...
2016-07-19 18:59:41,435 [10] INFO  SuperSocketForm - 程序启动..._Y-59-19 18:7:S
2016-07-19 19:57:07,354 [9] INFO  SuperSocketForm - The server instance SuperSocketForm has been started!
2016-07-19 19:57:07,354 [9] INFO  SuperSocketForm - 服务器已经启动，开始监听本机5015端口...
2016-07-19 19:57:07,416 [9] INFO  SuperSocketForm - 程序启动..._Y-57-19 19:7:S
2016-07-19 19:57:34,577 [9] INFO  SuperSocketForm - The server instance SuperSocketForm has been started!
2016-07-19 19:57:34,578 [9] INFO  SuperSocketForm - 服务器已经启动，开始监听本机5015端口...
2016-07-19 19:57:34,648 [9] INFO  SuperSocketForm - 程序启动..._Y-57-19 19:7:S
2016-07-19 20:00:11,127 [9] INFO  SuperSocketForm - The server instance SuperSocketForm has been started!
2016-07-19 20:00:11,127 [9] INFO  SuperSocketForm - 服务器已经启动，开始监听本机5015端口...
2016-07-19 20:00:11,179 [9] INFO  SuperSocketForm - 程序启动..._Y-0-19 20:7:S
2016-07-19 20:01:59,578 [10] INFO  SuperSocketForm - The server instance SuperSocketForm has been started!
2016-07-19 20:01:59,579 [10] INFO  SuperSocketForm - 服务器已经启动，开始监听本机5015端口...
2016-07-19 20:01:59,629 [10] INFO  SuperSocketForm - 程序启动..._Y-1-19 20:7:S
2016-07-19 20:05:36,400 [9] INFO  SuperSocketForm - The server instance SuperSocketForm has been started!
2016-07-19 20:05:36,401 [9] INFO  SuperSocketForm - 服务器已经启动，开始监听本机5015端口...
2016-07-19 20:05:36,455 [9] INFO  SuperSocketForm - 程序启动..._Y-5-19 20:7:S
2016-07-19 20:06:25,504 [10] INFO  SuperSocketForm - The server instance SuperSocketForm has been started!
2016-07-19 20:06:25,504 [10] INFO  SuperSocketForm - 服务器已经启动，开始监听本机5015端口...
2016-07-19 20:06:25,564 [10] INFO  SuperSocketForm - 程序启动..._Y-6-19 20:7:S
2016-07-19 20:07:14,436 [9] INFO  SuperSocketForm - The server instance SuperSocketForm has been started!
2016-07-19 20:07:14,436 [9] INFO  SuperSocketForm - 服务器已经启动，开始监听本机5015端口...
2016-07-19 20:07:14,484 [9] INFO  SuperSocketForm - 程序启动..._Y-7-19 20:7:S
2016-07-19 20:10:53,728 [10] INFO  SuperSocketForm - The server instance SuperSocketForm has been started!
2016-07-19 20:10:53,728 [10] INFO  SuperSocketForm - 服务器已经启动，开始监听本机5015端口...
2016-07-19 20:10:53,773 [10] INFO  SuperSocketForm - 程序启动..._Y-10-19 20:7:S
2016-07-19 20:12:55,560 [10] INFO  SuperSocketForm - The server instance SuperSocketForm has been started!
2016-07-19 20:12:55,561 [10] INFO  SuperSocketForm - 服务器已经启动，开始监听本机5015端口...
2016-07-19 20:12:55,621 [10] INFO  SuperSocketForm - 程序启动..._Y-12-19 20:7:S
2016-07-19 20:13:31,716 [10] INFO  SuperSocketForm - The server instance SuperSocketForm has been started!
2016-07-19 20:13:31,717 [10] INFO  SuperSocketForm - 服务器已经启动，开始监听本机5015端口...
2016-07-19 20:13:31,772 [10] INFO  SuperSocketForm - 程序启动..._Y-13-19 20:7:S
2016-07-19 20:14:31,780 [9] INFO  SuperSocketForm - The server instance SuperSocketForm has been started!
2016-07-19 20:14:31,780 [9] INFO  SuperSocketForm - 服务器已经启动，开始监听本机5015端口...
2016-07-19 20:14:31,857 [9] INFO  SuperSocketForm - 程序启动..._Y-14-19 20:7:S
2016-07-19 20:16:33,946 [10] INFO  SuperSocketForm - The server instance SuperSocketForm has been started!
2016-07-19 20:16:33,949 [10] INFO  SuperSocketForm - 服务器已经启动，开始监听本机5015端口...
2016-07-19 20:16:34,002 [10] INFO  SuperSocketForm - 程序启动..._Y-16-19 20:7:S
2016-07-19 20:18:25,759 [9] INFO  SuperSocketForm - The server instance SuperSocketForm has been started!
2016-07-19 20:18:25,760 [9] INFO  SuperSocketForm - 服务器已经启动，开始监听本机5015端口...
2016-07-19 20:18:25,833 [9] INFO  SuperSocketForm - 程序启动..._Y-18-19 20:7:S
2016-07-19 20:20:36,459 [9] INFO  SuperSocketForm - The server instance SuperSocketForm has been started!
2016-07-19 20:20:36,460 [9] INFO  SuperSocketForm - 服务器已经启动，开始监听本机5015端口...
2016-07-19 20:20:36,520 [9] INFO  SuperSocketForm - 程序启动..._Y-20-19 20:7:S
2016-07-19 20:24:07,194 [10] INFO  SuperSocketForm - The server instance SuperSocketForm has been started!
2016-07-19 20:24:07,195 [10] INFO  SuperSocketForm - 服务器已经启动，开始监听本机5015端口...
2016-07-19 20:24:07,250 [10] INFO  SuperSocketForm - 程序启动..._Y-24-19 20:7:S
2016-07-19 20:27:29,950 [9] INFO  SuperSocketForm - The server instance SuperSocketForm has been started!
2016-07-19 20:27:29,951 [9] INFO  SuperSocketForm - 服务器已经启动，开始监听本机5015端口...
2016-07-19 20:27:30,001 [9] INFO  SuperSocketForm - 程序启动..._Y-27-19 20:7:S
2016-07-19 20:27:46,645 [10] INFO  SuperSocketForm - The server instance SuperSocketForm has been started!
2016-07-19 20:27:46,645 [10] INFO  SuperSocketForm - 服务器已经启动，开始监听本机5015端口...
2016-07-19 20:27:46,696 [10] INFO  SuperSocketForm - 程序启动..._Y-27-19 20:7:S
2016-07-19 20:41:35,758 [9] INFO  SuperSocketForm - The server instance SuperSocketForm has been started!
2016-07-19 20:41:35,758 [9] INFO  SuperSocketForm - 服务器已经启动，开始监听本机5015端口...
2016-07-19 20:41:35,811 [9] INFO  SuperSocketForm - 程序启动..._Y-41-19 20:7:S
2016-07-19 21:10:03,590 [9] INFO  SuperSocketForm - The server instance SuperSocketForm has been started!
2016-07-19 21:10:03,590 [9] INFO  SuperSocketForm - 服务器已经启动，开始监听本机5015端口...
2016-07-19 21:30:57,099 [9] INFO  SuperSocketForm - The server instance SuperSocketForm has been started!
2016-07-19 21:30:57,100 [9] INFO  SuperSocketForm - 服务器已经启动，开始监听本机5015端口...
2016-07-19 21:30:57,158 [9] INFO  SuperSocketForm - 程序启动..._Y-30-19 21:7:S
